OneTicketDel.c(15): Notify: Transaction "http://localhost:1080/WebTours/images/cancelreservation.gif" will be skipped - could not calculate the transaction time (duration=0,0007, think_time=0,0000, wasted_time=0,0140).	[MsgId: MMSG-16889]
OneTicketDel.c(15): Notify: Transaction "http://localhost:1080/WebTours/images/cancelallreservations.gif" will be skipped - could not calculate the transaction time (duration=0,0011, think_time=0,0000, wasted_time=0,0140).	[MsgId: MMSG-16889]
AllTicketsDel.c(16): Notify: Transaction "http://localhost:1080/WebTours/images/cancelreservation.gif" will be skipped - could not calculate the transaction time (duration=0,0010, think_time=0,0000, wasted_time=0,0146).	[MsgId: MMSG-16889]
AllTicketsDel.c(16): Notify: Transaction "http://localhost:1080/WebTours/images/cancelallreservations.gif" will be skipped - could not calculate the transaction time (duration=0,0019, think_time=0,0000, wasted_time=0,0146).	[MsgId: MMSG-16889]
AllTicketsDel.c(16): Notify: Transaction "http://localhost:1080/WebTours/images/cancelreservation.gif" will be skipped - could not calculate the transaction time (duration=0,0007, think_time=0,0000, wasted_time=0,0141).	[MsgId: MMSG-16889]
AllTicketsDel.c(16): Notify: Transaction "http://localhost:1080/WebTours/images/cancelallreservations.gif" will be skipped - could not calculate the transaction time (duration=0,0007, think_time=0,0000, wasted_time=0,0141).	[MsgId: MMSG-16889]
AllTicketsDel.c(16): Notify: Transaction "http://localhost:1080/WebTours/images/cancelreservation.gif" will be skipped - could not calculate the transaction time (duration=0,0007, think_time=0,0000, wasted_time=0,0116).	[MsgId: MMSG-16889]
AllTicketsDel.c(16): Notify: Transaction "http://localhost:1080/WebTours/images/cancelallreservations.gif" will be skipped - could not calculate the transaction time (duration=0,0007, think_time=0,0000, wasted_time=0,0116).	[MsgId: MMSG-16889]
OneTicketDel.c(15): Notify: Transaction "http://localhost:1080/WebTours/images/cancelreservation.gif" will be skipped - could not calculate the transaction time (duration=0,0010, think_time=0,0000, wasted_time=0,0122).	[MsgId: MMSG-16889]
OneTicketDel.c(15): Notify: Transaction "http://localhost:1080/WebTours/images/cancelallreservations.gif" will be skipped - could not calculate the transaction time (duration=0,0010, think_time=0,0000, wasted_time=0,0122).	[MsgId: MMSG-16889]
AllTicketsDel.c(16): Notify: Transaction "http://localhost:1080/WebTours/images/cancelallreservations.gif" will be skipped - could not calculate the transaction time (duration=0,0006, think_time=0,0000, wasted_time=0,0115).	[MsgId: MMSG-16889]
AllTicketsDel.c(16): Notify: Transaction "http://localhost:1080/WebTours/images/cancelreservation.gif" will be skipped - could not calculate the transaction time (duration=0,0009, think_time=0,0000, wasted_time=0,0115).	[MsgId: MMSG-16889]
OneTicketDel.c(15): Notify: Transaction "http://localhost:1080/WebTours/images/cancelreservation.gif" will be skipped - could not calculate the transaction time (duration=0,0008, think_time=0,0000, wasted_time=0,0146).	[MsgId: MMSG-16889]
OneTicketDel.c(15): Notify: Transaction "http://localhost:1080/WebTours/images/cancelallreservations.gif" will be skipped - could not calculate the transaction time (duration=0,0008, think_time=0,0000, wasted_time=0,0146).	[MsgId: MMSG-16889]
AllTicketsDel.c(16): Notify: Transaction "http://localhost:1080/WebTours/images/cancelreservation.gif" will be skipped - could not calculate the transaction time (duration=0,0008, think_time=0,0000, wasted_time=0,0121).	[MsgId: MMSG-16889]
AllTicketsDel.c(16): Notify: Transaction "http://localhost:1080/WebTours/images/cancelallreservations.gif" will be skipped - could not calculate the transaction time (duration=0,0008, think_time=0,0000, wasted_time=0,0122).	[MsgId: MMSG-16889]
OneTicketDel.c(15): Notify: Transaction "http://localhost:1080/WebTours/images/cancelallreservations.gif" will be skipped - could not calculate the transaction time (duration=0,0006, think_time=0,0000, wasted_time=0,0116).	[MsgId: MMSG-16889]
OneTicketDel.c(15): Notify: Transaction "http://localhost:1080/WebTours/images/cancelreservation.gif" will be skipped - could not calculate the transaction time (duration=0,0009, think_time=0,0000, wasted_time=0,0116).	[MsgId: MMSG-16889]
AllTicketsDel.c(16): Notify: Transaction "http://localhost:1080/WebTours/images/cancelreservation.gif" will be skipped - could not calculate the transaction time (duration=0,0008, think_time=0,0000, wasted_time=0,0124).	[MsgId: MMSG-16889]
AllTicketsDel.c(16): Notify: Transaction "http://localhost:1080/WebTours/images/cancelallreservations.gif" will be skipped - could not calculate the transaction time (duration=0,0008, think_time=0,0000, wasted_time=0,0124).	[MsgId: MMSG-16889]
AllTicketsDel.c(16): Notify: Transaction "http://localhost:1080/WebTours/images/cancelreservation.gif" will be skipped - could not calculate the transaction time (duration=0,0009, think_time=0,0000, wasted_time=0,0117).	[MsgId: MMSG-16889]
AllTicketsDel.c(16): Notify: Transaction "http://localhost:1080/WebTours/images/cancelallreservations.gif" will be skipped - could not calculate the transaction time (duration=0,0009, think_time=0,0000, wasted_time=0,0117).	[MsgId: MMSG-16889]
AllTicketsDel.c(16): Notify: Transaction "http://localhost:1080/WebTours/images/cancelreservation.gif" will be skipped - could not calculate the transaction time (duration=0,0007, think_time=0,0000, wasted_time=0,0124).	[MsgId: MMSG-16889]
AllTicketsDel.c(16): Notify: Transaction "http://localhost:1080/WebTours/images/cancelallreservations.gif" will be skipped - could not calculate the transaction time (duration=0,0007, think_time=0,0000, wasted_time=0,0124).	[MsgId: MMSG-16889]
OneTicketDel.c(15): Notify: Transaction "http://localhost:1080/WebTours/images/cancelallreservations.gif" will be skipped - could not calculate the transaction time (duration=0,0006, think_time=0,0000, wasted_time=0,0118).	[MsgId: MMSG-16889]
OneTicketDel.c(15): Notify: Transaction "http://localhost:1080/WebTours/images/cancelreservation.gif" will be skipped - could not calculate the transaction time (duration=0,0008, think_time=0,0000, wasted_time=0,0118).	[MsgId: MMSG-16889]
AllTicketsDel.c(16): Notify: Transaction "http://localhost:1080/WebTours/images/cancelreservation.gif" will be skipped - could not calculate the transaction time (duration=0,0011, think_time=0,0000, wasted_time=0,0120).	[MsgId: MMSG-16889]
AllTicketsDel.c(16): Notify: Transaction "http://localhost:1080/WebTours/images/cancelallreservations.gif" will be skipped - could not calculate the transaction time (duration=0,0009, think_time=0,0000, wasted_time=0,0120).	[MsgId: MMSG-16889]
AllTicketsDel.c(16): Notify: Transaction "http://localhost:1080/WebTours/images/cancelallreservations.gif" will be skipped - could not calculate the transaction time (duration=0,0006, think_time=0,0000, wasted_time=0,0123).	[MsgId: MMSG-16889]
AllTicketsDel.c(16): Notify: Transaction "http://localhost:1080/WebTours/images/cancelreservation.gif" will be skipped - could not calculate the transaction time (duration=0,0008, think_time=0,0000, wasted_time=0,0123).	[MsgId: MMSG-16889]
OneTicketDel.c(15): Notify: Transaction "http://localhost:1080/WebTours/images/cancelreservation.gif" will be skipped - could not calculate the transaction time (duration=0,0007, think_time=0,0000, wasted_time=0,0121).	[MsgId: MMSG-16889]
OneTicketDel.c(15): Notify: Transaction "http://localhost:1080/WebTours/images/cancelallreservations.gif" will be skipped - could not calculate the transaction time (duration=0,0007, think_time=0,0000, wasted_time=0,0121).	[MsgId: MMSG-16889]
OneTicketDel.c(15): Notify: Transaction "http://localhost:1080/WebTours/images/cancelallreservations.gif" will be skipped - could not calculate the transaction time (duration=0,0007, think_time=0,0000, wasted_time=0,0124).	[MsgId: MMSG-16889]
OneTicketDel.c(15): Notify: Transaction "http://localhost:1080/WebTours/images/cancelreservation.gif" will be skipped - could not calculate the transaction time (duration=0,0009, think_time=0,0000, wasted_time=0,0124).	[MsgId: MMSG-16889]
AllTicketsDel.c(16): Notify: Transaction "http://localhost:1080/WebTours/images/cancelreservation.gif" will be skipped - could not calculate the transaction time (duration=0,0007, think_time=0,0000, wasted_time=0,0125).	[MsgId: MMSG-16889]
AllTicketsDel.c(16): Notify: Transaction "http://localhost:1080/WebTours/images/cancelallreservations.gif" will be skipped - could not calculate the transaction time (duration=0,0008, think_time=0,0000, wasted_time=0,0125).	[MsgId: MMSG-16889]
AllTicketsDel.c(16): Notify: Transaction "http://localhost:1080/WebTours/images/cancelreservation.gif" will be skipped - could not calculate the transaction time (duration=0,0009, think_time=0,0000, wasted_time=0,0124).	[MsgId: MMSG-16889]
AllTicketsDel.c(16): Notify: Transaction "http://localhost:1080/WebTours/images/cancelallreservations.gif" will be skipped - could not calculate the transaction time (duration=0,0008, think_time=0,0000, wasted_time=0,0124).	[MsgId: MMSG-16889]
AllTicketsDel.c(16): Notify: Transaction "http://localhost:1080/WebTours/images/cancelreservation.gif" will be skipped - could not calculate the transaction time (duration=0,0008, think_time=0,0000, wasted_time=0,0129).	[MsgId: MMSG-16889]
AllTicketsDel.c(16): Notify: Transaction "http://localhost:1080/WebTours/images/cancelallreservations.gif" will be skipped - could not calculate the transaction time (duration=0,0008, think_time=0,0000, wasted_time=0,0129).	[MsgId: MMSG-16889]
OneTicketDel.c(15): Notify: Transaction "http://localhost:1080/WebTours/images/cancelreservation.gif" will be skipped - could not calculate the transaction time (duration=0,0010, think_time=0,0000, wasted_time=0,0125).	[MsgId: MMSG-16889]
OneTicketDel.c(15): Notify: Transaction "http://localhost:1080/WebTours/images/cancelallreservations.gif" will be skipped - could not calculate the transaction time (duration=0,0010, think_time=0,0000, wasted_time=0,0125).	[MsgId: MMSG-16889]
AllTicketsDel.c(16): Notify: Transaction "http://localhost:1080/WebTours/images/cancelreservation.gif" will be skipped - could not calculate the transaction time (duration=0,0007, think_time=0,0000, wasted_time=0,0127).	[MsgId: MMSG-16889]
AllTicketsDel.c(16): Notify: Transaction "http://localhost:1080/WebTours/images/cancelallreservations.gif" will be skipped - could not calculate the transaction time (duration=0,0007, think_time=0,0000, wasted_time=0,0127).	[MsgId: MMSG-16889]
OneTicketDel.c(15): Notify: Transaction "http://localhost:1080/WebTours/images/cancelreservation.gif" will be skipped - could not calculate the transaction time (duration=0,0009, think_time=0,0000, wasted_time=0,0127).	[MsgId: MMSG-16889]
OneTicketDel.c(15): Notify: Transaction "http://localhost:1080/WebTours/images/cancelallreservations.gif" will be skipped - could not calculate the transaction time (duration=0,0009, think_time=0,0000, wasted_time=0,0127).	[MsgId: MMSG-16889]
AllTicketsDel.c(16): Notify: Transaction "http://localhost:1080/WebTours/images/cancelreservation.gif" will be skipped - could not calculate the transaction time (duration=0,0007, think_time=0,0000, wasted_time=0,0122).	[MsgId: MMSG-16889]
AllTicketsDel.c(16): Notify: Transaction "http://localhost:1080/WebTours/images/cancelallreservations.gif" will be skipped - could not calculate the transaction time (duration=0,0007, think_time=0,0000, wasted_time=0,0122).	[MsgId: MMSG-16889]
AllTicketsDel.c(16): Notify: Transaction "http://localhost:1080/WebTours/images/cancelallreservations.gif" will be skipped - could not calculate the transaction time (duration=0,0006, think_time=0,0000, wasted_time=0,0128).	[MsgId: MMSG-16889]
AllTicketsDel.c(16): Notify: Transaction "http://localhost:1080/WebTours/images/cancelreservation.gif" will be skipped - could not calculate the transaction time (duration=0,0009, think_time=0,0000, wasted_time=0,0128).	[MsgId: MMSG-16889]
AllTicketsDel.c(16): Notify: Transaction "http://localhost:1080/WebTours/images/cancelreservation.gif" will be skipped - could not calculate the transaction time (duration=0,0007, think_time=0,0000, wasted_time=0,0128).	[MsgId: MMSG-16889]
AllTicketsDel.c(16): Notify: Transaction "http://localhost:1080/WebTours/images/cancelallreservations.gif" will be skipped - could not calculate the transaction time (duration=0,0008, think_time=0,0000, wasted_time=0,0128).	[MsgId: MMSG-16889]
AllTicketsDel.c(16): Notify: Transaction "http://localhost:1080/WebTours/images/cancelreservation.gif" will be skipped - could not calculate the transaction time (duration=0,0037, think_time=0,0000, wasted_time=0,0125).	[MsgId: MMSG-16889]
AllTicketsDel.c(16): Notify: Transaction "http://localhost:1080/WebTours/images/cancelreservation.gif" will be skipped - could not calculate the transaction time (duration=0,0007, think_time=0,0000, wasted_time=0,0126).	[MsgId: MMSG-16889]
AllTicketsDel.c(16): Notify: Transaction "http://localhost:1080/WebTours/images/cancelallreservations.gif" will be skipped - could not calculate the transaction time (duration=0,0006, think_time=0,0000, wasted_time=0,0126).	[MsgId: MMSG-16889]
AllTicketsDel.c(16): Notify: Transaction "http://localhost:1080/WebTours/images/cancelreservation.gif" will be skipped - could not calculate the transaction time (duration=0,0006, think_time=0,0000, wasted_time=0,0125).	[MsgId: MMSG-16889]
AllTicketsDel.c(16): Notify: Transaction "http://localhost:1080/WebTours/images/cancelallreservations.gif" will be skipped - could not calculate the transaction time (duration=0,0006, think_time=0,0000, wasted_time=0,0126).	[MsgId: MMSG-16889]
OneTicketDel.c(15): Notify: Transaction "http://localhost:1080/WebTours/images/cancelallreservations.gif" will be skipped - could not calculate the transaction time (duration=0,0006, think_time=0,0000, wasted_time=0,0129).	[MsgId: MMSG-16889]
OneTicketDel.c(15): Notify: Transaction "http://localhost:1080/WebTours/images/cancelreservation.gif" will be skipped - could not calculate the transaction time (duration=0,0009, think_time=0,0000, wasted_time=0,0129).	[MsgId: MMSG-16889]
AllTicketsDel.c(16): Notify: Transaction "http://localhost:1080/WebTours/images/cancelreservation.gif" will be skipped - could not calculate the transaction time (duration=0,0007, think_time=0,0000, wasted_time=0,0132).	[MsgId: MMSG-16889]
AllTicketsDel.c(16): Notify: Transaction "http://localhost:1080/WebTours/images/cancelallreservations.gif" will be skipped - could not calculate the transaction time (duration=0,0007, think_time=0,0000, wasted_time=0,0132).	[MsgId: MMSG-16889]
AllTicketsDel.c(16): Notify: Transaction "http://localhost:1080/WebTours/images/cancelreservation.gif" will be skipped - could not calculate the transaction time (duration=0,0007, think_time=0,0000, wasted_time=0,0130).	[MsgId: MMSG-16889]
AllTicketsDel.c(16): Notify: Transaction "http://localhost:1080/WebTours/images/cancelallreservations.gif" will be skipped - could not calculate the transaction time (duration=0,0007, think_time=0,0000, wasted_time=0,0130).	[MsgId: MMSG-16889]
AllTicketsDel.c(16): Notify: Transaction "http://localhost:1080/WebTours/images/cancelreservation.gif" will be skipped - could not calculate the transaction time (duration=0,0006, think_time=0,0000, wasted_time=0,0126).	[MsgId: MMSG-16889]
AllTicketsDel.c(16): Notify: Transaction "http://localhost:1080/WebTours/images/cancelallreservations.gif" will be skipped - could not calculate the transaction time (duration=0,0006, think_time=0,0000, wasted_time=0,0126).	[MsgId: MMSG-16889]
AllTicketsDel.c(16): Notify: Transaction "http://localhost:1080/WebTours/images/cancelallreservations.gif" will be skipped - could not calculate the transaction time (duration=0,0006, think_time=0,0000, wasted_time=0,0130).	[MsgId: MMSG-16889]
AllTicketsDel.c(16): Notify: Transaction "http://localhost:1080/WebTours/images/cancelreservation.gif" will be skipped - could not calculate the transaction time (duration=0,0009, think_time=0,0000, wasted_time=0,0130).	[MsgId: MMSG-16889]
AllTicketsDel.c(16): Notify: Transaction "http://localhost:1080/WebTours/images/cancelreservation.gif" will be skipped - could not calculate the transaction time (duration=0,0007, think_time=0,0000, wasted_time=0,0123).	[MsgId: MMSG-16889]
AllTicketsDel.c(16): Notify: Transaction "http://localhost:1080/WebTours/images/cancelallreservations.gif" will be skipped - could not calculate the transaction time (duration=0,0008, think_time=0,0000, wasted_time=0,0123).	[MsgId: MMSG-16889]
AllTicketsDel.c(16): Notify: Transaction "http://localhost:1080/WebTours/images/cancelreservation.gif" will be skipped - could not calculate the transaction time (duration=0,0006, think_time=0,0000, wasted_time=0,0130).	[MsgId: MMSG-16889]
AllTicketsDel.c(16): Notify: Transaction "http://localhost:1080/WebTours/images/cancelallreservations.gif" will be skipped - could not calculate the transaction time (duration=0,0006, think_time=0,0000, wasted_time=0,0130).	[MsgId: MMSG-16889]
AllTicketsDel.c(16): Notify: Transaction "http://localhost:1080/WebTours/images/cancelreservation.gif" will be skipped - could not calculate the transaction time (duration=0,0080, think_time=0,0000, wasted_time=0,0151).	[MsgId: MMSG-16889]
AllTicketsDel.c(16): Notify: Transaction "http://localhost:1080/WebTours/images/cancelreservation.gif" will be skipped - could not calculate the transaction time (duration=0,0008, think_time=0,0000, wasted_time=0,0129).	[MsgId: MMSG-16889]
AllTicketsDel.c(16): Notify: Transaction "http://localhost:1080/WebTours/images/cancelallreservations.gif" will be skipped - could not calculate the transaction time (duration=0,0008, think_time=0,0000, wasted_time=0,0129).	[MsgId: MMSG-16889]
OneTicketDel.c(15): Notify: Transaction "http://localhost:1080/WebTours/images/cancelreservation.gif" will be skipped - could not calculate the transaction time (duration=0,0009, think_time=0,0000, wasted_time=0,0129).	[MsgId: MMSG-16889]
OneTicketDel.c(15): Notify: Transaction "http://localhost:1080/WebTours/images/cancelallreservations.gif" will be skipped - could not calculate the transaction time (duration=0,0009, think_time=0,0000, wasted_time=0,0129).	[MsgId: MMSG-16889]
AllTicketsDel.c(16): Notify: Transaction "http://localhost:1080/WebTours/images/cancelallreservations.gif" will be skipped - could not calculate the transaction time (duration=0,0006, think_time=0,0000, wasted_time=0,0130).	[MsgId: MMSG-16889]
AllTicketsDel.c(16): Notify: Transaction "http://localhost:1080/WebTours/images/cancelreservation.gif" will be skipped - could not calculate the transaction time (duration=0,0007, think_time=0,0000, wasted_time=0,0130).	[MsgId: MMSG-16889]
OneTicketDel.c(15): Notify: Transaction "http://localhost:1080/WebTours/images/cancelreservation.gif" will be skipped - could not calculate the transaction time (duration=0,0009, think_time=0,0000, wasted_time=0,0133).	[MsgId: MMSG-16889]
OneTicketDel.c(15): Notify: Transaction "http://localhost:1080/WebTours/images/cancelallreservations.gif" will be skipped - could not calculate the transaction time (duration=0,0010, think_time=0,0000, wasted_time=0,0133).	[MsgId: MMSG-16889]
AllTicketsDel.c(16): Notify: Transaction "http://localhost:1080/WebTours/images/cancelreservation.gif" will be skipped - could not calculate the transaction time (duration=0,0014, think_time=0,0000, wasted_time=0,0179).	[MsgId: MMSG-16889]
AllTicketsDel.c(16): Notify: Transaction "http://localhost:1080/WebTours/images/cancelallreservations.gif" will be skipped - could not calculate the transaction time (duration=0,0007, think_time=0,0000, wasted_time=0,0179).	[MsgId: MMSG-16889]
OneTicketDel.c(15): Notify: Transaction "http://localhost:1080/WebTours/images/cancelallreservations.gif" will be skipped - could not calculate the transaction time (duration=0,0006, think_time=0,0000, wasted_time=0,0138).	[MsgId: MMSG-16889]
OneTicketDel.c(15): Notify: Transaction "http://localhost:1080/WebTours/images/cancelreservation.gif" will be skipped - could not calculate the transaction time (duration=0,0008, think_time=0,0000, wasted_time=0,0138).	[MsgId: MMSG-16889]
OneTicketDel.c(15): Notify: Transaction "http://localhost:1080/WebTours/images/cancelreservation.gif" will be skipped - could not calculate the transaction time (duration=0,0006, think_time=0,0000, wasted_time=0,0134).	[MsgId: MMSG-16889]
OneTicketDel.c(15): Notify: Transaction "http://localhost:1080/WebTours/images/cancelallreservations.gif" will be skipped - could not calculate the transaction time (duration=0,0006, think_time=0,0000, wasted_time=0,0134).	[MsgId: MMSG-16889]
AllTicketsDel.c(16): Notify: Transaction "http://localhost:1080/WebTours/images/cancelreservation.gif" will be skipped - could not calculate the transaction time (duration=0,0006, think_time=0,0000, wasted_time=0,0143).	[MsgId: MMSG-16889]
AllTicketsDel.c(16): Notify: Transaction "http://localhost:1080/WebTours/images/cancelallreservations.gif" will be skipped - could not calculate the transaction time (duration=0,0006, think_time=0,0000, wasted_time=0,0143).	[MsgId: MMSG-16889]
AllTicketsDel.c(16): Notify: Transaction "http://localhost:1080/WebTours/images/cancelreservation.gif" will be skipped - could not calculate the transaction time (duration=0,0008, think_time=0,0000, wasted_time=0,0132).	[MsgId: MMSG-16889]
AllTicketsDel.c(16): Notify: Transaction "http://localhost:1080/WebTours/images/cancelallreservations.gif" will be skipped - could not calculate the transaction time (duration=0,0008, think_time=0,0000, wasted_time=0,0132).	[MsgId: MMSG-16889]
OneTicketDel.c(15): Notify: Transaction "http://localhost:1080/WebTours/images/cancelreservation.gif" will be skipped - could not calculate the transaction time (duration=0,0041, think_time=0,0000, wasted_time=0,0133).	[MsgId: MMSG-16889]
AllTicketsDel.c(16): Notify: Transaction "http://localhost:1080/WebTours/images/cancelreservation.gif" will be skipped - could not calculate the transaction time (duration=0,0006, think_time=0,0000, wasted_time=0,0137).	[MsgId: MMSG-16889]
AllTicketsDel.c(16): Notify: Transaction "http://localhost:1080/WebTours/images/cancelallreservations.gif" will be skipped - could not calculate the transaction time (duration=0,0007, think_time=0,0000, wasted_time=0,0137).	[MsgId: MMSG-16889]
AllTicketsDel.c(16): Notify: Transaction "http://localhost:1080/WebTours/images/cancelreservation.gif" will be skipped - could not calculate the transaction time (duration=0,0006, think_time=0,0000, wasted_time=0,0202).	[MsgId: MMSG-16889]
AllTicketsDel.c(16): Notify: Transaction "http://localhost:1080/WebTours/images/cancelallreservations.gif" will be skipped - could not calculate the transaction time (duration=0,0006, think_time=0,0000, wasted_time=0,0202).	[MsgId: MMSG-16889]
AllTicketsDel.c(16): Notify: Transaction "http://localhost:1080/WebTours/images/cancelallreservations.gif" will be skipped - could not calculate the transaction time (duration=0,0007, think_time=0,0000, wasted_time=0,0135).	[MsgId: MMSG-16889]
AllTicketsDel.c(16): Notify: Transaction "http://localhost:1080/WebTours/images/cancelreservation.gif" will be skipped - could not calculate the transaction time (duration=0,0009, think_time=0,0000, wasted_time=0,0135).	[MsgId: MMSG-16889]
AllTicketsDel.c(16): Notify: Transaction "http://localhost:1080/WebTours/images/cancelallreservations.gif" will be skipped - could not calculate the transaction time (duration=0,0007, think_time=0,0000, wasted_time=0,0136).	[MsgId: MMSG-16889]
AllTicketsDel.c(16): Notify: Transaction "http://localhost:1080/WebTours/images/cancelreservation.gif" will be skipped - could not calculate the transaction time (duration=0,0009, think_time=0,0000, wasted_time=0,0137).	[MsgId: MMSG-16889]
AllTicketsDel.c(16): Notify: Transaction "http://localhost:1080/WebTours/images/cancelreservation.gif" will be skipped - could not calculate the transaction time (duration=0,0007, think_time=0,0000, wasted_time=0,0188).	[MsgId: MMSG-16889]
AllTicketsDel.c(16): Notify: Transaction "http://localhost:1080/WebTours/images/cancelallreservations.gif" will be skipped - could not calculate the transaction time (duration=0,0006, think_time=0,0000, wasted_time=0,0188).	[MsgId: MMSG-16889]
OneTicketDel.c(15): Notify: Transaction "http://localhost:1080/WebTours/images/cancelreservation.gif" will be skipped - could not calculate the transaction time (duration=0,0007, think_time=0,0000, wasted_time=0,0144).	[MsgId: MMSG-16889]
OneTicketDel.c(15): Notify: Transaction "http://localhost:1080/WebTours/images/cancelallreservations.gif" will be skipped - could not calculate the transaction time (duration=0,0007, think_time=0,0000, wasted_time=0,0144).	[MsgId: MMSG-16889]
AllTicketsDel.c(16): Notify: Transaction "http://localhost:1080/WebTours/images/cancelreservation.gif" will be skipped - could not calculate the transaction time (duration=0,0006, think_time=0,0000, wasted_time=0,0206).	[MsgId: MMSG-16889]
AllTicketsDel.c(16): Notify: Transaction "http://localhost:1080/WebTours/images/cancelallreservations.gif" will be skipped - could not calculate the transaction time (duration=0,0007, think_time=0,0000, wasted_time=0,0206).	[MsgId: MMSG-16889]
AllTicketsDel.c(16): Notify: Transaction "http://localhost:1080/WebTours/images/cancelallreservations.gif" will be skipped - could not calculate the transaction time (duration=0,0006, think_time=0,0000, wasted_time=0,0138).	[MsgId: MMSG-16889]
AllTicketsDel.c(16): Notify: Transaction "http://localhost:1080/WebTours/images/cancelreservation.gif" will be skipped - could not calculate the transaction time (duration=0,0008, think_time=0,0000, wasted_time=0,0139).	[MsgId: MMSG-16889]
OneTicketDel.c(15): Notify: Transaction "http://localhost:1080/WebTours/images/cancelreservation.gif" will be skipped - could not calculate the transaction time (duration=0,0006, think_time=0,0000, wasted_time=0,0140).	[MsgId: MMSG-16889]
OneTicketDel.c(15): Notify: Transaction "http://localhost:1080/WebTours/images/cancelallreservations.gif" will be skipped - could not calculate the transaction time (duration=0,0007, think_time=0,0000, wasted_time=0,0140).	[MsgId: MMSG-16889]
OneTicketDel.c(15): Notify: Transaction "http://localhost:1080/WebTours/images/cancelreservation.gif" will be skipped - could not calculate the transaction time (duration=0,0007, think_time=0,0000, wasted_time=0,0179).	[MsgId: MMSG-16889]
OneTicketDel.c(15): Notify: Transaction "http://localhost:1080/WebTours/images/cancelallreservations.gif" will be skipped - could not calculate the transaction time (duration=0,0007, think_time=0,0000, wasted_time=0,0179).	[MsgId: MMSG-16889]
AllTicketsDel.c(16): Notify: Transaction "http://localhost:1080/WebTours/images/cancelreservation.gif" will be skipped - could not calculate the transaction time (duration=0,0007, think_time=0,0000, wasted_time=0,0141).	[MsgId: MMSG-16889]
AllTicketsDel.c(16): Notify: Transaction "http://localhost:1080/WebTours/images/cancelallreservations.gif" will be skipped - could not calculate the transaction time (duration=0,0007, think_time=0,0000, wasted_time=0,0141).	[MsgId: MMSG-16889]
AllTicketsDel.c(16): Notify: Transaction "http://localhost:1080/WebTours/images/cancelreservation.gif" will be skipped - could not calculate the transaction time (duration=0,0007, think_time=0,0000, wasted_time=0,0143).	[MsgId: MMSG-16889]
AllTicketsDel.c(16): Notify: Transaction "http://localhost:1080/WebTours/images/cancelallreservations.gif" will be skipped - could not calculate the transaction time (duration=0,0007, think_time=0,0000, wasted_time=0,0143).	[MsgId: MMSG-16889]
AllTicketsDel.c(16): Notify: Transaction "http://localhost:1080/WebTours/images/cancelallreservations.gif" will be skipped - could not calculate the transaction time (duration=0,0006, think_time=0,0000, wasted_time=0,0253).	[MsgId: MMSG-16889]
AllTicketsDel.c(16): Notify: Transaction "http://localhost:1080/WebTours/images/cancelreservation.gif" will be skipped - could not calculate the transaction time (duration=0,0008, think_time=0,0000, wasted_time=0,0253).	[MsgId: MMSG-16889]
AllTicketsDel.c(16): Notify: Transaction "http://localhost:1080/WebTours/images/cancelreservation.gif" will be skipped - could not calculate the transaction time (duration=0,0006, think_time=0,0000, wasted_time=0,0140).	[MsgId: MMSG-16889]
AllTicketsDel.c(16): Notify: Transaction "http://localhost:1080/WebTours/images/cancelallreservations.gif" will be skipped - could not calculate the transaction time (duration=0,0007, think_time=0,0000, wasted_time=0,0140).	[MsgId: MMSG-16889]
OneTicketDel.c(15): Notify: Transaction "http://localhost:1080/WebTours/images/cancelreservation.gif" will be skipped - could not calculate the transaction time (duration=0,0009, think_time=0,0000, wasted_time=0,0142).	[MsgId: MMSG-16889]
OneTicketDel.c(15): Notify: Transaction "http://localhost:1080/WebTours/images/cancelallreservations.gif" will be skipped - could not calculate the transaction time (duration=0,0009, think_time=0,0000, wasted_time=0,0142).	[MsgId: MMSG-16889]
AllTicketsDel.c(16): Notify: Transaction "http://localhost:1080/WebTours/images/cancelreservation.gif" will be skipped - could not calculate the transaction time (duration=0,0008, think_time=0,0000, wasted_time=0,0207).	[MsgId: MMSG-16889]
AllTicketsDel.c(16): Notify: Transaction "http://localhost:1080/WebTours/images/cancelallreservations.gif" will be skipped - could not calculate the transaction time (duration=0,0008, think_time=0,0000, wasted_time=0,0207).	[MsgId: MMSG-16889]
AllTicketsDel.c(16): Notify: Transaction "http://localhost:1080/WebTours/images/cancelreservation.gif" will be skipped - could not calculate the transaction time (duration=0,0009, think_time=0,0000, wasted_time=0,0139).	[MsgId: MMSG-16889]
AllTicketsDel.c(16): Notify: Transaction "http://localhost:1080/WebTours/images/cancelallreservations.gif" will be skipped - could not calculate the transaction time (duration=0,0009, think_time=0,0000, wasted_time=0,0139).	[MsgId: MMSG-16889]
OneTicketDel.c(15): Notify: Transaction "http://localhost:1080/WebTours/images/cancelallreservations.gif" will be skipped - could not calculate the transaction time (duration=0,0007, think_time=0,0000, wasted_time=0,0141).	[MsgId: MMSG-16889]
AllTicketsDel.c(16): Notify: Transaction "http://localhost:1080/WebTours/images/cancelreservation.gif" will be skipped - could not calculate the transaction time (duration=0,0008, think_time=0,0000, wasted_time=0,0188).	[MsgId: MMSG-16889]
AllTicketsDel.c(16): Notify: Transaction "http://localhost:1080/WebTours/images/cancelallreservations.gif" will be skipped - could not calculate the transaction time (duration=0,0008, think_time=0,0000, wasted_time=0,0188).	[MsgId: MMSG-16889]
AllTicketsDel.c(16): Notify: Transaction "http://localhost:1080/WebTours/images/cancelallreservations.gif" will be skipped - could not calculate the transaction time (duration=0,0006, think_time=0,0000, wasted_time=0,0142).	[MsgId: MMSG-16889]
AllTicketsDel.c(16): Notify: Transaction "http://localhost:1080/WebTours/images/cancelreservation.gif" will be skipped - could not calculate the transaction time (duration=0,0009, think_time=0,0000, wasted_time=0,0142).	[MsgId: MMSG-16889]
OneTicketDel.c(15): Notify: Transaction "http://localhost:1080/WebTours/images/cancelreservation.gif" will be skipped - could not calculate the transaction time (duration=0,0006, think_time=0,0000, wasted_time=0,0142).	[MsgId: MMSG-16889]
OneTicketDel.c(15): Notify: Transaction "http://localhost:1080/WebTours/images/cancelallreservations.gif" will be skipped - could not calculate the transaction time (duration=0,0007, think_time=0,0000, wasted_time=0,0142).	[MsgId: MMSG-16889]
AllTicketsDel.c(16): Notify: Transaction "http://localhost:1080/WebTours/images/cancelreservation.gif" will be skipped - could not calculate the transaction time (duration=0,0006, think_time=0,0000, wasted_time=0,0201).	[MsgId: MMSG-16889]
AllTicketsDel.c(16): Notify: Transaction "http://localhost:1080/WebTours/images/cancelallreservations.gif" will be skipped - could not calculate the transaction time (duration=0,0006, think_time=0,0000, wasted_time=0,0201).	[MsgId: MMSG-16889]
AllTicketsDel.c(16): Notify: Transaction "http://localhost:1080/WebTours/images/cancelreservation.gif" will be skipped - could not calculate the transaction time (duration=0,0006, think_time=0,0000, wasted_time=0,0147).	[MsgId: MMSG-16889]
AllTicketsDel.c(16): Notify: Transaction "http://localhost:1080/WebTours/images/cancelallreservations.gif" will be skipped - could not calculate the transaction time (duration=0,0006, think_time=0,0000, wasted_time=0,0148).	[MsgId: MMSG-16889]
AllTicketsDel.c(16): Notify: Transaction "http://localhost:1080/WebTours/images/cancelallreservations.gif" will be skipped - could not calculate the transaction time (duration=0,0012, think_time=0,0000, wasted_time=0,0144).	[MsgId: MMSG-16889]
AllTicketsDel.c(16): Notify: Transaction "http://localhost:1080/WebTours/images/cancelreservation.gif" will be skipped - could not calculate the transaction time (duration=0,0006, think_time=0,0000, wasted_time=0,0199).	[MsgId: MMSG-16889]
AllTicketsDel.c(16): Notify: Transaction "http://localhost:1080/WebTours/images/cancelallreservations.gif" will be skipped - could not calculate the transaction time (duration=0,0006, think_time=0,0000, wasted_time=0,0199).	[MsgId: MMSG-16889]
AllTicketsDel.c(16): Notify: Transaction "http://localhost:1080/WebTours/images/cancelreservation.gif" will be skipped - could not calculate the transaction time (duration=0,0006, think_time=0,0000, wasted_time=0,0143).	[MsgId: MMSG-16889]
AllTicketsDel.c(16): Notify: Transaction "http://localhost:1080/WebTours/images/cancelallreservations.gif" will be skipped - could not calculate the transaction time (duration=0,0006, think_time=0,0000, wasted_time=0,0143).	[MsgId: MMSG-16889]
AllTicketsDel.c(16): Notify: Transaction "http://localhost:1080/WebTours/images/cancelreservation.gif" will be skipped - could not calculate the transaction time (duration=0,0007, think_time=0,0000, wasted_time=0,0149).	[MsgId: MMSG-16889]
AllTicketsDel.c(16): Notify: Transaction "http://localhost:1080/WebTours/images/cancelallreservations.gif" will be skipped - could not calculate the transaction time (duration=0,0007, think_time=0,0000, wasted_time=0,0149).	[MsgId: MMSG-16889]
AllTicketsDel.c(16): Notify: Transaction "http://localhost:1080/WebTours/images/cancelreservation.gif" will be skipped - could not calculate the transaction time (duration=0,0006, think_time=0,0000, wasted_time=0,0154).	[MsgId: MMSG-16889]
AllTicketsDel.c(16): Notify: Transaction "http://localhost:1080/WebTours/images/cancelallreservations.gif" will be skipped - could not calculate the transaction time (duration=0,0007, think_time=0,0000, wasted_time=0,0154).	[MsgId: MMSG-16889]
OneTicketDel.c(15): Notify: Transaction "http://localhost:1080/WebTours/images/cancelreservation.gif" will be skipped - could not calculate the transaction time (duration=0,0007, think_time=0,0000, wasted_time=0,0193).	[MsgId: MMSG-16889]
OneTicketDel.c(15): Notify: Transaction "http://localhost:1080/WebTours/images/cancelallreservations.gif" will be skipped - could not calculate the transaction time (duration=0,0007, think_time=0,0000, wasted_time=0,0193).	[MsgId: MMSG-16889]
OneTicketDel.c(15): Notify: Transaction "http://localhost:1080/WebTours/images/cancelreservation.gif" will be skipped - could not calculate the transaction time (duration=0,0007, think_time=0,0000, wasted_time=0,0145).	[MsgId: MMSG-16889]
OneTicketDel.c(15): Notify: Transaction "http://localhost:1080/WebTours/images/cancelallreservations.gif" will be skipped - could not calculate the transaction time (duration=0,0007, think_time=0,0000, wasted_time=0,0145).	[MsgId: MMSG-16889]
AllTicketsDel.c(16): Notify: Transaction "http://localhost:1080/WebTours/images/cancelreservation.gif" will be skipped - could not calculate the transaction time (duration=0,0007, think_time=0,0000, wasted_time=0,0149).	[MsgId: MMSG-16889]
AllTicketsDel.c(16): Notify: Transaction "http://localhost:1080/WebTours/images/cancelallreservations.gif" will be skipped - could not calculate the transaction time (duration=0,0007, think_time=0,0000, wasted_time=0,0149).	[MsgId: MMSG-16889]
OneTicketDel.c(15): Notify: Transaction "http://localhost:1080/WebTours/images/cancelreservation.gif" will be skipped - could not calculate the transaction time (duration=0,0006, think_time=0,0000, wasted_time=0,0194).	[MsgId: MMSG-16889]
OneTicketDel.c(15): Notify: Transaction "http://localhost:1080/WebTours/images/cancelallreservations.gif" will be skipped - could not calculate the transaction time (duration=0,0007, think_time=0,0000, wasted_time=0,0194).	[MsgId: MMSG-16889]
AllTicketsDel.c(16): Notify: Transaction "http://localhost:1080/WebTours/images/cancelreservation.gif" will be skipped - could not calculate the transaction time (duration=0,0006, think_time=0,0000, wasted_time=0,0148).	[MsgId: MMSG-16889]
AllTicketsDel.c(16): Notify: Transaction "http://localhost:1080/WebTours/images/cancelallreservations.gif" will be skipped - could not calculate the transaction time (duration=0,0006, think_time=0,0000, wasted_time=0,0148).	[MsgId: MMSG-16889]
OneTicketDel.c(15): Notify: Transaction "http://localhost:1080/WebTours/images/cancelallreservations.gif" will be skipped - could not calculate the transaction time (duration=0,0006, think_time=0,0000, wasted_time=0,0151).	[MsgId: MMSG-16889]
OneTicketDel.c(15): Notify: Transaction "http://localhost:1080/WebTours/images/cancelreservation.gif" will be skipped - could not calculate the transaction time (duration=0,0008, think_time=0,0000, wasted_time=0,0151).	[MsgId: MMSG-16889]
AllTicketsDel.c(16): Notify: Transaction "http://localhost:1080/WebTours/images/cancelallreservations.gif" will be skipped - could not calculate the transaction time (duration=0,0006, think_time=0,0000, wasted_time=0,0185).	[MsgId: MMSG-16889]
OneTicketDel.c(15): Notify: Transaction "http://localhost:1080/WebTours/images/cancelreservation.gif" will be skipped - could not calculate the transaction time (duration=0,0007, think_time=0,0000, wasted_time=0,0154).	[MsgId: MMSG-16889]
OneTicketDel.c(15): Notify: Transaction "http://localhost:1080/WebTours/images/cancelallreservations.gif" will be skipped - could not calculate the transaction time (duration=0,0008, think_time=0,0000, wasted_time=0,0154).	[MsgId: MMSG-16889]
AllTicketsDel.c(16): Notify: Transaction "http://localhost:1080/WebTours/images/cancelallreservations.gif" will be skipped - could not calculate the transaction time (duration=0,0006, think_time=0,0000, wasted_time=0,0155).	[MsgId: MMSG-16889]
AllTicketsDel.c(16): Notify: Transaction "http://localhost:1080/WebTours/images/cancelreservation.gif" will be skipped - could not calculate the transaction time (duration=0,0008, think_time=0,0000, wasted_time=0,0155).	[MsgId: MMSG-16889]
AllTicketsDel.c(16): Notify: Transaction "http://localhost:1080/WebTours/images/cancelreservation.gif" will be skipped - could not calculate the transaction time (duration=0,0006, think_time=0,0000, wasted_time=0,0170).	[MsgId: MMSG-16889]
AllTicketsDel.c(16): Notify: Transaction "http://localhost:1080/WebTours/images/cancelallreservations.gif" will be skipped - could not calculate the transaction time (duration=0,0006, think_time=0,0000, wasted_time=0,0170).	[MsgId: MMSG-16889]
AllTicketsDel.c(16): Notify: Transaction "http://localhost:1080/WebTours/images/cancelreservation.gif" will be skipped - could not calculate the transaction time (duration=0,0007, think_time=0,0000, wasted_time=0,0150).	[MsgId: MMSG-16889]
AllTicketsDel.c(16): Notify: Transaction "http://localhost:1080/WebTours/images/cancelallreservations.gif" will be skipped - could not calculate the transaction time (duration=0,0007, think_time=0,0000, wasted_time=0,0150).	[MsgId: MMSG-16889]
OneTicketDel.c(15): Notify: Transaction "http://localhost:1080/WebTours/images/cancelreservation.gif" will be skipped - could not calculate the transaction time (duration=0,0007, think_time=0,0000, wasted_time=0,0157).	[MsgId: MMSG-16889]
OneTicketDel.c(15): Notify: Transaction "http://localhost:1080/WebTours/images/cancelallreservations.gif" will be skipped - could not calculate the transaction time (duration=0,0007, think_time=0,0000, wasted_time=0,0157).	[MsgId: MMSG-16889]
AllTicketsDel.c(16): Notify: Transaction "http://localhost:1080/WebTours/images/cancelreservation.gif" will be skipped - could not calculate the transaction time (duration=0,0007, think_time=0,0000, wasted_time=0,0152).	[MsgId: MMSG-16889]
AllTicketsDel.c(16): Notify: Transaction "http://localhost:1080/WebTours/images/cancelallreservations.gif" will be skipped - could not calculate the transaction time (duration=0,0007, think_time=0,0000, wasted_time=0,0152).	[MsgId: MMSG-16889]
OneTicketDel.c(15): Notify: Transaction "http://localhost:1080/WebTours/images/cancelreservation.gif" will be skipped - could not calculate the transaction time (duration=0,0007, think_time=0,0000, wasted_time=0,0156).	[MsgId: MMSG-16889]
OneTicketDel.c(15): Notify: Transaction "http://localhost:1080/WebTours/images/cancelallreservations.gif" will be skipped - could not calculate the transaction time (duration=0,0007, think_time=0,0000, wasted_time=0,0156).	[MsgId: MMSG-16889]
OneTicketDel.c(15): Notify: Transaction "http://localhost:1080/WebTours/images/cancelreservation.gif" will be skipped - could not calculate the transaction time (duration=0,0008, think_time=0,0000, wasted_time=0,0186).	[MsgId: MMSG-16889]
OneTicketDel.c(15): Notify: Transaction "http://localhost:1080/WebTours/images/cancelallreservations.gif" will be skipped - could not calculate the transaction time (duration=0,0008, think_time=0,0000, wasted_time=0,0186).	[MsgId: MMSG-16889]
AllTicketsDel.c(16): Notify: Transaction "http://localhost:1080/WebTours/images/cancelreservation.gif" will be skipped - could not calculate the transaction time (duration=0,0007, think_time=0,0000, wasted_time=0,0152).	[MsgId: MMSG-16889]
AllTicketsDel.c(16): Notify: Transaction "http://localhost:1080/WebTours/images/cancelallreservations.gif" will be skipped - could not calculate the transaction time (duration=0,0007, think_time=0,0000, wasted_time=0,0152).	[MsgId: MMSG-16889]
AllTicketsDel.c(16): Notify: Transaction "http://localhost:1080/WebTours/images/cancelreservation.gif" will be skipped - could not calculate the transaction time (duration=0,0007, think_time=0,0000, wasted_time=0,0155).	[MsgId: MMSG-16889]
AllTicketsDel.c(16): Notify: Transaction "http://localhost:1080/WebTours/images/cancelallreservations.gif" will be skipped - could not calculate the transaction time (duration=0,0007, think_time=0,0000, wasted_time=0,0155).	[MsgId: MMSG-16889]
AllTicketsDel.c(16): Notify: Transaction "http://localhost:1080/WebTours/images/cancelreservation.gif" will be skipped - could not calculate the transaction time (duration=0,0008, think_time=0,0000, wasted_time=0,0157).	[MsgId: MMSG-16889]
AllTicketsDel.c(16): Notify: Transaction "http://localhost:1080/WebTours/images/cancelallreservations.gif" will be skipped - could not calculate the transaction time (duration=0,0008, think_time=0,0000, wasted_time=0,0157).	[MsgId: MMSG-16889]
OneTicketDel.c(15): Notify: Transaction "http://localhost:1080/WebTours/images/cancelreservation.gif" will be skipped - could not calculate the transaction time (duration=0,0007, think_time=0,0000, wasted_time=0,0154).	[MsgId: MMSG-16889]
OneTicketDel.c(15): Notify: Transaction "http://localhost:1080/WebTours/images/cancelallreservations.gif" will be skipped - could not calculate the transaction time (duration=0,0007, think_time=0,0000, wasted_time=0,0154).	[MsgId: MMSG-16889]
OneTicketDel.c(15): Notify: Transaction "http://localhost:1080/WebTours/images/cancelreservation.gif" will be skipped - could not calculate the transaction time (duration=0,0012, think_time=0,0000, wasted_time=0,0154).	[MsgId: MMSG-16889]
OneTicketDel.c(15): Notify: Transaction "http://localhost:1080/WebTours/images/cancelallreservations.gif" will be skipped - could not calculate the transaction time (duration=0,0012, think_time=0,0000, wasted_time=0,0154).	[MsgId: MMSG-16889]
OneTicketDel.c(15): Notify: Transaction "http://localhost:1080/WebTours/images/cancelreservation.gif" will be skipped - could not calculate the transaction time (duration=0,0007, think_time=0,0000, wasted_time=0,0180).	[MsgId: MMSG-16889]
OneTicketDel.c(15): Notify: Transaction "http://localhost:1080/WebTours/images/cancelallreservations.gif" will be skipped - could not calculate the transaction time (duration=0,0007, think_time=0,0000, wasted_time=0,0180).	[MsgId: MMSG-16889]
OneTicketDel.c(15): Notify: Transaction "http://localhost:1080/WebTours/images/cancelallreservations.gif" will be skipped - could not calculate the transaction time (duration=0,0006, think_time=0,0000, wasted_time=0,0161).	[MsgId: MMSG-16889]
OneTicketDel.c(15): Notify: Transaction "http://localhost:1080/WebTours/images/cancelreservation.gif" will be skipped - could not calculate the transaction time (duration=0,0008, think_time=0,0000, wasted_time=0,0161).	[MsgId: MMSG-16889]
AllTicketsDel.c(16): Notify: Transaction "http://localhost:1080/WebTours/images/cancelreservation.gif" will be skipped - could not calculate the transaction time (duration=0,0007, think_time=0,0000, wasted_time=0,0158).	[MsgId: MMSG-16889]
AllTicketsDel.c(16): Notify: Transaction "http://localhost:1080/WebTours/images/cancelallreservations.gif" will be skipped - could not calculate the transaction time (duration=0,0007, think_time=0,0000, wasted_time=0,0158).	[MsgId: MMSG-16889]
AllTicketsDel.c(16): Notify: Transaction "http://localhost:1080/WebTours/images/cancelreservation.gif" will be skipped - could not calculate the transaction time (duration=0,0007, think_time=0,0000, wasted_time=0,0172).	[MsgId: MMSG-16889]
AllTicketsDel.c(16): Notify: Transaction "http://localhost:1080/WebTours/images/cancelallreservations.gif" will be skipped - could not calculate the transaction time (duration=0,0008, think_time=0,0000, wasted_time=0,0173).	[MsgId: MMSG-16889]
AllTicketsDel.c(16): Notify: Transaction "http://localhost:1080/WebTours/images/cancelallreservations.gif" will be skipped - could not calculate the transaction time (duration=0,0006, think_time=0,0000, wasted_time=0,0156).	[MsgId: MMSG-16889]
OneTicketDel.c(15): Notify: Transaction "http://localhost:1080/WebTours/images/cancelreservation.gif" will be skipped - could not calculate the transaction time (duration=0,0014, think_time=0,0000, wasted_time=0,0163).	[MsgId: MMSG-16889]
OneTicketDel.c(15): Notify: Transaction "http://localhost:1080/WebTours/images/cancelallreservations.gif" will be skipped - could not calculate the transaction time (duration=0,0014, think_time=0,0000, wasted_time=0,0163).	[MsgId: MMSG-16889]
AllTicketsDel.c(16): Notify: Transaction "http://localhost:1080/WebTours/images/cancelreservation.gif" will be skipped - could not calculate the transaction time (duration=0,0007, think_time=0,0000, wasted_time=0,0194).	[MsgId: MMSG-16889]
AllTicketsDel.c(16): Notify: Transaction "http://localhost:1080/WebTours/images/cancelallreservations.gif" will be skipped - could not calculate the transaction time (duration=0,0007, think_time=0,0000, wasted_time=0,0194).	[MsgId: MMSG-16889]
AllTicketsDel.c(16): Notify: Transaction "http://localhost:1080/WebTours/images/cancelreservation.gif" will be skipped - could not calculate the transaction time (duration=0,0006, think_time=0,0000, wasted_time=0,0159).	[MsgId: MMSG-16889]
AllTicketsDel.c(16): Notify: Transaction "http://localhost:1080/WebTours/images/cancelallreservations.gif" will be skipped - could not calculate the transaction time (duration=0,0007, think_time=0,0000, wasted_time=0,0159).	[MsgId: MMSG-16889]
AllTicketsDel.c(16): Notify: Transaction "http://localhost:1080/WebTours/images/cancelreservation.gif" will be skipped - could not calculate the transaction time (duration=0,0007, think_time=0,0000, wasted_time=0,0157).	[MsgId: MMSG-16889]
AllTicketsDel.c(16): Notify: Transaction "http://localhost:1080/WebTours/images/cancelallreservations.gif" will be skipped - could not calculate the transaction time (duration=0,0007, think_time=0,0000, wasted_time=0,0157).	[MsgId: MMSG-16889]
OneTicketDel.c(15): Notify: Transaction "http://localhost:1080/WebTours/images/cancelreservation.gif" will be skipped - could not calculate the transaction time (duration=0,0007, think_time=0,0000, wasted_time=0,0160).	[MsgId: MMSG-16889]
OneTicketDel.c(15): Notify: Transaction "http://localhost:1080/WebTours/images/cancelallreservations.gif" will be skipped - could not calculate the transaction time (duration=0,0007, think_time=0,0000, wasted_time=0,0160).	[MsgId: MMSG-16889]
AllTicketsDel.c(16): Notify: Transaction "http://localhost:1080/WebTours/images/cancelreservation.gif" will be skipped - could not calculate the transaction time (duration=0,0007, think_time=0,0000, wasted_time=0,0160).	[MsgId: MMSG-16889]
AllTicketsDel.c(16): Notify: Transaction "http://localhost:1080/WebTours/images/cancelallreservations.gif" will be skipped - could not calculate the transaction time (duration=0,0007, think_time=0,0000, wasted_time=0,0160).	[MsgId: MMSG-16889]
AllTicketsDel.c(16): Notify: Transaction "http://localhost:1080/WebTours/images/cancelreservation.gif" will be skipped - could not calculate the transaction time (duration=0,0013, think_time=0,0000, wasted_time=0,0160).	[MsgId: MMSG-16889]
AllTicketsDel.c(16): Notify: Transaction "http://localhost:1080/WebTours/images/cancelallreservations.gif" will be skipped - could not calculate the transaction time (duration=0,0012, think_time=0,0000, wasted_time=0,0160).	[MsgId: MMSG-16889]
OneTicketDel.c(15): Notify: Transaction "http://localhost:1080/WebTours/images/cancelreservation.gif" will be skipped - could not calculate the transaction time (duration=0,0008, think_time=0,0000, wasted_time=0,0160).	[MsgId: MMSG-16889]
OneTicketDel.c(15): Notify: Transaction "http://localhost:1080/WebTours/images/cancelallreservations.gif" will be skipped - could not calculate the transaction time (duration=0,0008, think_time=0,0000, wasted_time=0,0160).	[MsgId: MMSG-16889]
AllTicketsDel.c(16): Notify: Transaction "http://localhost:1080/WebTours/images/cancelreservation.gif" will be skipped - could not calculate the transaction time (duration=0,0008, think_time=0,0000, wasted_time=0,0157).	[MsgId: MMSG-16889]
AllTicketsDel.c(16): Notify: Transaction "http://localhost:1080/WebTours/images/cancelallreservations.gif" will be skipped - could not calculate the transaction time (duration=0,0008, think_time=0,0000, wasted_time=0,0157).	[MsgId: MMSG-16889]
AllTicketsDel.c(16): Notify: Transaction "http://localhost:1080/WebTours/images/cancelreservation.gif" will be skipped - could not calculate the transaction time (duration=0,0007, think_time=0,0000, wasted_time=0,0159).	[MsgId: MMSG-16889]
AllTicketsDel.c(16): Notify: Transaction "http://localhost:1080/WebTours/images/cancelallreservations.gif" will be skipped - could not calculate the transaction time (duration=0,0008, think_time=0,0000, wasted_time=0,0159).	[MsgId: MMSG-16889]
AllTicketsDel.c(16): Notify: Transaction "http://localhost:1080/WebTours/images/cancelreservation.gif" will be skipped - could not calculate the transaction time (duration=0,0009, think_time=0,0000, wasted_time=0,0157).	[MsgId: MMSG-16889]
AllTicketsDel.c(16): Notify: Transaction "http://localhost:1080/WebTours/images/cancelallreservations.gif" will be skipped - could not calculate the transaction time (duration=0,0008, think_time=0,0000, wasted_time=0,0157).	[MsgId: MMSG-16889]
OneTicketDel.c(15): Notify: Transaction "http://localhost:1080/WebTours/images/cancelreservation.gif" will be skipped - could not calculate the transaction time (duration=0,0008, think_time=0,0000, wasted_time=0,0158).	[MsgId: MMSG-16889]
OneTicketDel.c(15): Notify: Transaction "http://localhost:1080/WebTours/images/cancelallreservations.gif" will be skipped - could not calculate the transaction time (duration=0,0008, think_time=0,0000, wasted_time=0,0158).	[MsgId: MMSG-16889]
OneTicketDel.c(15): Notify: Transaction "http://localhost:1080/WebTours/images/cancelreservation.gif" will be skipped - could not calculate the transaction time (duration=0,0011, think_time=0,0000, wasted_time=0,0164).	[MsgId: MMSG-16889]
OneTicketDel.c(15): Notify: Transaction "http://localhost:1080/WebTours/images/cancelallreservations.gif" will be skipped - could not calculate the transaction time (duration=0,0011, think_time=0,0000, wasted_time=0,0164).	[MsgId: MMSG-16889]
OneTicketDel.c(15): Notify: Transaction "http://localhost:1080/WebTours/images/cancelreservation.gif" will be skipped - could not calculate the transaction time (duration=0,0007, think_time=0,0000, wasted_time=0,0155).	[MsgId: MMSG-16889]
OneTicketDel.c(15): Notify: Transaction "http://localhost:1080/WebTours/images/cancelallreservations.gif" will be skipped - could not calculate the transaction time (duration=0,0007, think_time=0,0000, wasted_time=0,0155).	[MsgId: MMSG-16889]
AllTicketsDel.c(16): Notify: Transaction "http://localhost:1080/WebTours/images/cancelreservation.gif" will be skipped - could not calculate the transaction time (duration=0,0007, think_time=0,0000, wasted_time=0,0155).	[MsgId: MMSG-16889]
AllTicketsDel.c(16): Notify: Transaction "http://localhost:1080/WebTours/images/cancelallreservations.gif" will be skipped - could not calculate the transaction time (duration=0,0007, think_time=0,0000, wasted_time=0,0155).	[MsgId: MMSG-16889]
AllTicketsDel.c(16): Notify: Transaction "http://localhost:1080/WebTours/images/cancelreservation.gif" will be skipped - could not calculate the transaction time (duration=0,0009, think_time=0,0000, wasted_time=0,0159).	[MsgId: MMSG-16889]
AllTicketsDel.c(16): Notify: Transaction "http://localhost:1080/WebTours/images/cancelallreservations.gif" will be skipped - could not calculate the transaction time (duration=0,0009, think_time=0,0000, wasted_time=0,0159).	[MsgId: MMSG-16889]
OneTicketDel.c(15): Notify: Transaction "http://localhost:1080/WebTours/images/cancelreservation.gif" will be skipped - could not calculate the transaction time (duration=0,0008, think_time=0,0000, wasted_time=0,0156).	[MsgId: MMSG-16889]
OneTicketDel.c(15): Notify: Transaction "http://localhost:1080/WebTours/images/cancelallreservations.gif" will be skipped - could not calculate the transaction time (duration=0,0008, think_time=0,0000, wasted_time=0,0156).	[MsgId: MMSG-16889]
AllTicketsDel.c(16): Notify: Transaction "http://localhost:1080/WebTours/images/cancelreservation.gif" will be skipped - could not calculate the transaction time (duration=0,0009, think_time=0,0000, wasted_time=0,0172).	[MsgId: MMSG-16889]
AllTicketsDel.c(16): Notify: Transaction "http://localhost:1080/WebTours/images/cancelallreservations.gif" will be skipped - could not calculate the transaction time (duration=0,0009, think_time=0,0000, wasted_time=0,0172).	[MsgId: MMSG-16889]
OneTicketDel.c(15): Notify: Transaction "http://localhost:1080/WebTours/images/cancelallreservations.gif" will be skipped - could not calculate the transaction time (duration=0,0007, think_time=0,0000, wasted_time=0,0160).	[MsgId: MMSG-16889]
AllTicketsDel.c(16): Notify: Transaction "http://localhost:1080/WebTours/images/cancelreservation.gif" will be skipped - could not calculate the transaction time (duration=0,0008, think_time=0,0000, wasted_time=0,0159).	[MsgId: MMSG-16889]
AllTicketsDel.c(16): Notify: Transaction "http://localhost:1080/WebTours/images/cancelallreservations.gif" will be skipped - could not calculate the transaction time (duration=0,0008, think_time=0,0000, wasted_time=0,0159).	[MsgId: MMSG-16889]
AllTicketsDel.c(16): Notify: Transaction "http://localhost:1080/WebTours/images/cancelreservation.gif" will be skipped - could not calculate the transaction time (duration=0,0008, think_time=0,0000, wasted_time=0,0155).	[MsgId: MMSG-16889]
AllTicketsDel.c(16): Notify: Transaction "http://localhost:1080/WebTours/images/cancelallreservations.gif" will be skipped - could not calculate the transaction time (duration=0,0008, think_time=0,0000, wasted_time=0,0155).	[MsgId: MMSG-16889]
AllTicketsDel.c(16): Notify: Transaction "http://localhost:1080/WebTours/images/cancelreservation.gif" will be skipped - could not calculate the transaction time (duration=0,0007, think_time=0,0000, wasted_time=0,0158).	[MsgId: MMSG-16889]
AllTicketsDel.c(16): Notify: Transaction "http://localhost:1080/WebTours/images/cancelallreservations.gif" will be skipped - could not calculate the transaction time (duration=0,0008, think_time=0,0000, wasted_time=0,0158).	[MsgId: MMSG-16889]
AllTicketsDel.c(16): Notify: Transaction "http://localhost:1080/WebTours/images/cancelreservation.gif" will be skipped - could not calculate the transaction time (duration=0,0009, think_time=0,0000, wasted_time=0,0161).	[MsgId: MMSG-16889]
AllTicketsDel.c(16): Notify: Transaction "http://localhost:1080/WebTours/images/cancelallreservations.gif" will be skipped - could not calculate the transaction time (duration=0,0008, think_time=0,0000, wasted_time=0,0161).	[MsgId: MMSG-16889]
OneTicketDel.c(15): Notify: Transaction "http://localhost:1080/WebTours/images/cancelreservation.gif" will be skipped - could not calculate the transaction time (duration=0,0011, think_time=0,0000, wasted_time=0,0163).	[MsgId: MMSG-16889]
OneTicketDel.c(15): Notify: Transaction "http://localhost:1080/WebTours/images/cancelallreservations.gif" will be skipped - could not calculate the transaction time (duration=0,0010, think_time=0,0000, wasted_time=0,0163).	[MsgId: MMSG-16889]
AllTicketsDel.c(16): Notify: Transaction "http://localhost:1080/WebTours/images/cancelreservation.gif" will be skipped - could not calculate the transaction time (duration=0,0011, think_time=0,0000, wasted_time=0,0161).	[MsgId: MMSG-16889]
AllTicketsDel.c(16): Notify: Transaction "http://localhost:1080/WebTours/images/cancelallreservations.gif" will be skipped - could not calculate the transaction time (duration=0,0010, think_time=0,0000, wasted_time=0,0161).	[MsgId: MMSG-16889]
AllTicketsDel.c(16): Notify: Transaction "http://localhost:1080/WebTours/images/cancelreservation.gif" will be skipped - could not calculate the transaction time (duration=0,0009, think_time=0,0000, wasted_time=0,0158).	[MsgId: MMSG-16889]
AllTicketsDel.c(16): Notify: Transaction "http://localhost:1080/WebTours/images/cancelallreservations.gif" will be skipped - could not calculate the transaction time (duration=0,0009, think_time=0,0000, wasted_time=0,0158).	[MsgId: MMSG-16889]
AllTicketsDel.c(16): Notify: Transaction "http://localhost:1080/WebTours/images/cancelreservation.gif" will be skipped - could not calculate the transaction time (duration=0,0009, think_time=0,0000, wasted_time=0,0162).	[MsgId: MMSG-16889]
AllTicketsDel.c(16): Notify: Transaction "http://localhost:1080/WebTours/images/cancelallreservations.gif" will be skipped - could not calculate the transaction time (duration=0,0009, think_time=0,0000, wasted_time=0,0162).	[MsgId: MMSG-16889]
AllTicketsDel.c(16): Notify: Transaction "http://localhost:1080/WebTours/images/cancelreservation.gif" will be skipped - could not calculate the transaction time (duration=0,0011, think_time=0,0000, wasted_time=0,0159).	[MsgId: MMSG-16889]
AllTicketsDel.c(16): Notify: Transaction "http://localhost:1080/WebTours/images/cancelallreservations.gif" will be skipped - could not calculate the transaction time (duration=0,0010, think_time=0,0000, wasted_time=0,0159).	[MsgId: MMSG-16889]
AllTicketsDel.c(16): Notify: Transaction "http://localhost:1080/WebTours/images/cancelreservation.gif" will be skipped - could not calculate the transaction time (duration=0,0009, think_time=0,0000, wasted_time=0,0164).	[MsgId: MMSG-16889]
AllTicketsDel.c(16): Notify: Transaction "http://localhost:1080/WebTours/images/cancelallreservations.gif" will be skipped - could not calculate the transaction time (duration=0,0010, think_time=0,0000, wasted_time=0,0165).	[MsgId: MMSG-16889]
AllTicketsDel.c(16): Notify: Transaction "http://localhost:1080/WebTours/images/cancelreservation.gif" will be skipped - could not calculate the transaction time (duration=0,0011, think_time=0,0000, wasted_time=0,0161).	[MsgId: MMSG-16889]
AllTicketsDel.c(16): Notify: Transaction "http://localhost:1080/WebTours/images/cancelallreservations.gif" will be skipped - could not calculate the transaction time (duration=0,0009, think_time=0,0000, wasted_time=0,0161).	[MsgId: MMSG-16889]
AllTicketsDel.c(16): Notify: Transaction "http://localhost:1080/WebTours/images/cancelreservation.gif" will be skipped - could not calculate the transaction time (duration=0,0011, think_time=0,0000, wasted_time=0,0161).	[MsgId: MMSG-16889]
AllTicketsDel.c(16): Notify: Transaction "http://localhost:1080/WebTours/images/cancelallreservations.gif" will be skipped - could not calculate the transaction time (duration=0,0011, think_time=0,0000, wasted_time=0,0161).	[MsgId: MMSG-16889]
OneTicketDel.c(15): Notify: Transaction "http://localhost:1080/WebTours/images/cancelreservation.gif" will be skipped - could not calculate the transaction time (duration=0,0010, think_time=0,0000, wasted_time=0,0163).	[MsgId: MMSG-16889]
OneTicketDel.c(15): Notify: Transaction "http://localhost:1080/WebTours/images/cancelallreservations.gif" will be skipped - could not calculate the transaction time (duration=0,0010, think_time=0,0000, wasted_time=0,0163).	[MsgId: MMSG-16889]
AllTicketsDel.c(16): Notify: Transaction "http://localhost:1080/WebTours/images/cancelreservation.gif" will be skipped - could not calculate the transaction time (duration=0,0009, think_time=0,0000, wasted_time=0,0162).	[MsgId: MMSG-16889]
AllTicketsDel.c(16): Notify: Transaction "http://localhost:1080/WebTours/images/cancelallreservations.gif" will be skipped - could not calculate the transaction time (duration=0,0008, think_time=0,0000, wasted_time=0,0162).	[MsgId: MMSG-16889]
AllTicketsDel.c(16): Notify: Transaction "http://localhost:1080/WebTours/images/cancelreservation.gif" will be skipped - could not calculate the transaction time (duration=0,0012, think_time=0,0000, wasted_time=0,0164).	[MsgId: MMSG-16889]
AllTicketsDel.c(16): Notify: Transaction "http://localhost:1080/WebTours/images/cancelallreservations.gif" will be skipped - could not calculate the transaction time (duration=0,0012, think_time=0,0000, wasted_time=0,0164).	[MsgId: MMSG-16889]
OneTicketDel.c(15): Notify: Transaction "http://localhost:1080/WebTours/images/cancelreservation.gif" will be skipped - could not calculate the transaction time (duration=0,0009, think_time=0,0000, wasted_time=0,0164).	[MsgId: MMSG-16889]
OneTicketDel.c(15): Notify: Transaction "http://localhost:1080/WebTours/images/cancelallreservations.gif" will be skipped - could not calculate the transaction time (duration=0,0010, think_time=0,0000, wasted_time=0,0164).	[MsgId: MMSG-16889]
AllTicketsDel.c(16): Notify: Transaction "http://localhost:1080/WebTours/images/cancelreservation.gif" will be skipped - could not calculate the transaction time (duration=0,0008, think_time=0,0000, wasted_time=0,0165).	[MsgId: MMSG-16889]
AllTicketsDel.c(16): Notify: Transaction "http://localhost:1080/WebTours/images/cancelallreservations.gif" will be skipped - could not calculate the transaction time (duration=0,0009, think_time=0,0000, wasted_time=0,0165).	[MsgId: MMSG-16889]
AllTicketsDel.c(16): Notify: Transaction "http://localhost:1080/WebTours/images/cancelreservation.gif" will be skipped - could not calculate the transaction time (duration=0,0009, think_time=0,0000, wasted_time=0,0164).	[MsgId: MMSG-16889]
AllTicketsDel.c(16): Notify: Transaction "http://localhost:1080/WebTours/images/cancelallreservations.gif" will be skipped - could not calculate the transaction time (duration=0,0010, think_time=0,0000, wasted_time=0,0164).	[MsgId: MMSG-16889]
AllTicketsDel.c(16): Notify: Transaction "http://localhost:1080/WebTours/images/cancelreservation.gif" will be skipped - could not calculate the transaction time (duration=0,0010, think_time=0,0000, wasted_time=0,0165).	[MsgId: MMSG-16889]
AllTicketsDel.c(16): Notify: Transaction "http://localhost:1080/WebTours/images/cancelallreservations.gif" will be skipped - could not calculate the transaction time (duration=0,0010, think_time=0,0000, wasted_time=0,0165).	[MsgId: MMSG-16889]
OneTicketDel.c(15): Notify: Transaction "http://localhost:1080/WebTours/images/cancelreservation.gif" will be skipped - could not calculate the transaction time (duration=0,0009, think_time=0,0000, wasted_time=0,0167).	[MsgId: MMSG-16889]
OneTicketDel.c(15): Notify: Transaction "http://localhost:1080/WebTours/images/cancelallreservations.gif" will be skipped - could not calculate the transaction time (duration=0,0009, think_time=0,0000, wasted_time=0,0167).	[MsgId: MMSG-16889]
AllTicketsDel.c(16): Notify: Transaction "http://localhost:1080/WebTours/images/cancelreservation.gif" will be skipped - could not calculate the transaction time (duration=0,0010, think_time=0,0000, wasted_time=0,0164).	[MsgId: MMSG-16889]
AllTicketsDel.c(16): Notify: Transaction "http://localhost:1080/WebTours/images/cancelallreservations.gif" will be skipped - could not calculate the transaction time (duration=0,0011, think_time=0,0000, wasted_time=0,0164).	[MsgId: MMSG-16889]
AllTicketsDel.c(16): Notify: Transaction "http://localhost:1080/WebTours/images/cancelreservation.gif" will be skipped - could not calculate the transaction time (duration=0,0009, think_time=0,0000, wasted_time=0,0163).	[MsgId: MMSG-16889]
AllTicketsDel.c(16): Notify: Transaction "http://localhost:1080/WebTours/images/cancelallreservations.gif" will be skipped - could not calculate the transaction time (duration=0,0009, think_time=0,0000, wasted_time=0,0163).	[MsgId: MMSG-16889]
AllTicketsDel.c(16): Notify: Transaction "http://localhost:1080/WebTours/images/cancelreservation.gif" will be skipped - could not calculate the transaction time (duration=0,0009, think_time=0,0000, wasted_time=0,0172).	[MsgId: MMSG-16889]
AllTicketsDel.c(16): Notify: Transaction "http://localhost:1080/WebTours/images/cancelallreservations.gif" will be skipped - could not calculate the transaction time (duration=0,0010, think_time=0,0000, wasted_time=0,0172).	[MsgId: MMSG-16889]
AllTicketsDel.c(16): Notify: Transaction "http://localhost:1080/WebTours/images/cancelreservation.gif" will be skipped - could not calculate the transaction time (duration=0,0013, think_time=0,0000, wasted_time=0,0165).	[MsgId: MMSG-16889]
AllTicketsDel.c(16): Notify: Transaction "http://localhost:1080/WebTours/images/cancelallreservations.gif" will be skipped - could not calculate the transaction time (duration=0,0013, think_time=0,0000, wasted_time=0,0165).	[MsgId: MMSG-16889]
OneTicketDel.c(15): Notify: Transaction "http://localhost:1080/WebTours/images/cancelreservation.gif" will be skipped - could not calculate the transaction time (duration=0,0010, think_time=0,0000, wasted_time=0,0169).	[MsgId: MMSG-16889]
OneTicketDel.c(15): Notify: Transaction "http://localhost:1080/WebTours/images/cancelallreservations.gif" will be skipped - could not calculate the transaction time (duration=0,0010, think_time=0,0000, wasted_time=0,0169).	[MsgId: MMSG-16889]
AllTicketsDel.c(16): Notify: Transaction "http://localhost:1080/WebTours/images/cancelreservation.gif" will be skipped - could not calculate the transaction time (duration=0,0010, think_time=0,0000, wasted_time=0,0169).	[MsgId: MMSG-16889]
AllTicketsDel.c(16): Notify: Transaction "http://localhost:1080/WebTours/images/cancelallreservations.gif" will be skipped - could not calculate the transaction time (duration=0,0010, think_time=0,0000, wasted_time=0,0169).	[MsgId: MMSG-16889]
AllTicketsDel.c(16): Notify: Transaction "http://localhost:1080/WebTours/images/cancelreservation.gif" will be skipped - could not calculate the transaction time (duration=0,0010, think_time=0,0000, wasted_time=0,0165).	[MsgId: MMSG-16889]
AllTicketsDel.c(16): Notify: Transaction "http://localhost:1080/WebTours/images/cancelallreservations.gif" will be skipped - could not calculate the transaction time (duration=0,0010, think_time=0,0000, wasted_time=0,0165).	[MsgId: MMSG-16889]
AllTicketsDel.c(16): Notify: Transaction "http://localhost:1080/WebTours/images/cancelreservation.gif" will be skipped - could not calculate the transaction time (duration=0,0012, think_time=0,0000, wasted_time=0,0169).	[MsgId: MMSG-16889]
AllTicketsDel.c(16): Notify: Transaction "http://localhost:1080/WebTours/images/cancelallreservations.gif" will be skipped - could not calculate the transaction time (duration=0,0012, think_time=0,0000, wasted_time=0,0169).	[MsgId: MMSG-16889]
OneTicketDel.c(15): Notify: Transaction "http://localhost:1080/WebTours/images/cancelreservation.gif" will be skipped - could not calculate the transaction time (duration=0,0014, think_time=0,0000, wasted_time=0,0166).	[MsgId: MMSG-16889]
OneTicketDel.c(15): Notify: Transaction "http://localhost:1080/WebTours/images/cancelallreservations.gif" will be skipped - could not calculate the transaction time (duration=0,0015, think_time=0,0000, wasted_time=0,0167).	[MsgId: MMSG-16889]
AllTicketsDel.c(16): Notify: Transaction "http://localhost:1080/WebTours/images/cancelreservation.gif" will be skipped - could not calculate the transaction time (duration=0,0010, think_time=0,0000, wasted_time=0,0170).	[MsgId: MMSG-16889]
AllTicketsDel.c(16): Notify: Transaction "http://localhost:1080/WebTours/images/cancelallreservations.gif" will be skipped - could not calculate the transaction time (duration=0,0010, think_time=0,0000, wasted_time=0,0170).	[MsgId: MMSG-16889]
OneTicketDel.c(15): Notify: Transaction "http://localhost:1080/WebTours/images/cancelreservation.gif" will be skipped - could not calculate the transaction time (duration=0,0010, think_time=0,0000, wasted_time=0,0167).	[MsgId: MMSG-16889]
OneTicketDel.c(15): Notify: Transaction "http://localhost:1080/WebTours/images/cancelallreservations.gif" will be skipped - could not calculate the transaction time (duration=0,0010, think_time=0,0000, wasted_time=0,0167).	[MsgId: MMSG-16889]
AllTicketsDel.c(16): Notify: Transaction "http://localhost:1080/WebTours/images/cancelreservation.gif" will be skipped - could not calculate the transaction time (duration=0,0011, think_time=0,0000, wasted_time=0,0167).	[MsgId: MMSG-16889]
AllTicketsDel.c(16): Notify: Transaction "http://localhost:1080/WebTours/images/cancelallreservations.gif" will be skipped - could not calculate the transaction time (duration=0,0011, think_time=0,0000, wasted_time=0,0167).	[MsgId: MMSG-16889]
AllTicketsDel.c(16): Notify: Transaction "http://localhost:1080/WebTours/images/cancelreservation.gif" will be skipped - could not calculate the transaction time (duration=0,0014, think_time=0,0000, wasted_time=0,0172).	[MsgId: MMSG-16889]
AllTicketsDel.c(16): Notify: Transaction "http://localhost:1080/WebTours/images/cancelallreservations.gif" will be skipped - could not calculate the transaction time (duration=0,0013, think_time=0,0000, wasted_time=0,0172).	[MsgId: MMSG-16889]
AllTicketsDel.c(16): Notify: Transaction "http://localhost:1080/WebTours/images/cancelreservation.gif" will be skipped - could not calculate the transaction time (duration=0,0014, think_time=0,0000, wasted_time=0,0174).	[MsgId: MMSG-16889]
AllTicketsDel.c(16): Notify: Transaction "http://localhost:1080/WebTours/images/cancelallreservations.gif" will be skipped - could not calculate the transaction time (duration=0,0013, think_time=0,0000, wasted_time=0,0174).	[MsgId: MMSG-16889]
